arnav/unityLibrary/build/intermediates/manifest_merge_blame_file/debug/manifest-merger-blame-debug-report.txt
1<?xml version="1.0" encoding="utf-8"?>
2<!-- GENERATED BY UNITY. REMOVE THIS COMMENT TO PREVENT OVERWRITING WHEN EXPORTING AGAIN -->
3<manifest xmlns:android="http://schemas.android.com/apk/res/android"
4    xmlns:tools="http://schemas.android.com/tools"
5    package="com.unity3d.player" >
6
7    <uses-sdk android:minSdkVersion="24" />
7-->src/main/AndroidManifest.xml
8
9    <uses-feature android:glEsVersion="0x00030000" />
9-->src/main/AndroidManifest.xml:22:3-52
9-->src/main/AndroidManifest.xml:22:17-49
10
11    <uses-permission android:name="android.permission.CAMERA" />
11-->src/main/AndroidManifest.xml:23:3-63
11-->src/main/AndroidManifest.xml:23:20-60
12    <uses-permission android:name="android.permission.INTERNET" />
12-->src/main/AndroidManifest.xml:24:3-65
12-->src/main/AndroidManifest.xml:24:20-62
13    <uses-permission android:name="android.permission.CHANGE_WIFI_MULTICAST_STATE" />
13-->src/main/AndroidManifest.xml:25:3-84
13-->src/main/AndroidManifest.xml:25:20-81
14    <uses-permission android:name="android.permission.ACCESS_FINE_LOCATION" />
14-->src/main/AndroidManifest.xml:26:3-77
14-->src/main/AndroidManifest.xml:26:20-74
15
16    <uses-feature
16-->src/main/AndroidManifest.xml:27:3-89
17        android:name="android.hardware.location.gps"
17-->src/main/AndroidManifest.xml:27:17-61
18        android:required="false" />
18-->src/main/AndroidManifest.xml:27:62-86
19    <uses-feature
19-->src/main/AndroidManifest.xml:28:3-85
20        android:name="android.hardware.location"
20-->src/main/AndroidManifest.xml:28:17-57
21        android:required="false" />
21-->src/main/AndroidManifest.xml:28:58-82
22    <uses-feature
22-->src/main/AndroidManifest.xml:29:3-88
23        android:name="android.hardware.touchscreen"
23-->src/main/AndroidManifest.xml:29:17-60
24        android:required="false" />
24-->src/main/AndroidManifest.xml:29:61-85
25    <uses-feature
25-->src/main/AndroidManifest.xml:30:3-99
26        android:name="android.hardware.touchscreen.multitouch"
26-->src/main/AndroidManifest.xml:30:17-71
27        android:required="false" />
27-->src/main/AndroidManifest.xml:30:72-96
28    <uses-feature
28-->src/main/AndroidManifest.xml:31:3-108
29        android:name="android.hardware.touchscreen.multitouch.distinct"
29-->src/main/AndroidManifest.xml:31:17-80
30        android:required="false" />
30-->src/main/AndroidManifest.xml:31:81-105
31
32    <application>
32-->src/main/AndroidManifest.xml:4:3-21:17
33        <activity
33-->src/main/AndroidManifest.xml:5:5-12:16
34            android:name="com.unity3d.player.UnityPlayerActivity"
34-->src/main/AndroidManifest.xml:5:15-68
35            android:configChanges="mcc|mnc|locale|touchscreen|keyboard|keyboardHidden|navigation|orientation|screenLayout|uiMode|screenSize|smallestScreenSize|fontScale|layoutDirection|density"
35-->src/main/AndroidManifest.xml:5:180-361
36            android:hardwareAccelerated="false"
36-->src/main/AndroidManifest.xml:5:397-432
37            android:launchMode="singleTask"
37-->src/main/AndroidManifest.xml:5:148-179
38            android:resizeableActivity="false"
38-->src/main/AndroidManifest.xml:5:362-396
39            android:screenOrientation="portrait"
39-->src/main/AndroidManifest.xml:5:111-147
40            android:theme="@style/UnityThemeSelector" >
40-->src/main/AndroidManifest.xml:5:69-110
41            <intent-filter>
41-->src/main/AndroidManifest.xml:6:7-9:23
42                <action android:name="android.intent.action.MAIN" />
42-->src/main/AndroidManifest.xml:7:9-61
42-->src/main/AndroidManifest.xml:7:17-58
43
44                <category android:name="android.intent.category.LAUNCHER" />
44-->src/main/AndroidManifest.xml:8:9-69
44-->src/main/AndroidManifest.xml:8:19-66
45            </intent-filter>
46
47            <meta-data
47-->src/main/AndroidManifest.xml:10:7-82
48                android:name="unityplayer.UnityActivity"
48-->src/main/AndroidManifest.xml:10:18-58
49                android:value="true" />
49-->src/main/AndroidManifest.xml:10:59-79
50            <meta-data
50-->src/main/AndroidManifest.xml:11:7-78
51                android:name="android.notch_support"
51-->src/main/AndroidManifest.xml:11:18-54
52                android:value="true" />
52-->src/main/AndroidManifest.xml:11:55-75
53        </activity>
54
55        <meta-data
55-->src/main/AndroidManifest.xml:13:5-73
56            android:name="unity.tango-enable"
56-->src/main/AndroidManifest.xml:13:16-49
57            android:value="True" />
57-->src/main/AndroidManifest.xml:13:50-70
58        <meta-data
58-->src/main/AndroidManifest.xml:14:5-88
59            android:name="unityplayer.SkipPermissionsDialog"
59-->src/main/AndroidManifest.xml:14:16-64
60            android:value="true" />
60-->src/main/AndroidManifest.xml:14:65-85
61        <meta-data
61-->src/main/AndroidManifest.xml:15:5-69
62            android:name="unity.splash-mode"
62-->src/main/AndroidManifest.xml:15:16-48
63            android:value="0" />
63-->src/main/AndroidManifest.xml:15:49-66
64        <meta-data
64-->src/main/AndroidManifest.xml:16:5-74
65            android:name="unity.splash-enable"
65-->src/main/AndroidManifest.xml:16:16-50
66            android:value="True" />
66-->src/main/AndroidManifest.xml:16:51-71
67        <meta-data
67-->src/main/AndroidManifest.xml:17:5-78
68            android:name="unity.launch-fullscreen"
68-->src/main/AndroidManifest.xml:17:16-54
69            android:value="True" />
69-->src/main/AndroidManifest.xml:17:55-75
70        <meta-data
70-->src/main/AndroidManifest.xml:18:5-84
71            android:name="unity.allow-resizable-window"
71-->src/main/AndroidManifest.xml:18:16-59
72            android:value="False" />
72-->src/main/AndroidManifest.xml:18:60-81
73        <meta-data
73-->src/main/AndroidManifest.xml:19:5-81
74            android:name="notch.config"
74-->src/main/AndroidManifest.xml:19:16-43
75            android:value="portrait|landscape" />
75-->src/main/AndroidManifest.xml:19:44-78
76        <meta-data
76-->src/main/AndroidManifest.xml:20:5-101
77            android:name="unity.build-id"
77-->src/main/AndroidManifest.xml:20:16-45
78            android:value="7824be9e-eb0f-4d90-9ebf-3fa78e5a5f50" />
78-->src/main/AndroidManifest.xml:20:46-98
79    </application>
80
81</manifest>